<?xml version="1.0" encoding="UTF-8"?>
<!-- Generated by org.testng.reporters.JUnitReportReporter -->
<testsuite skipped="0" hostname="LAPTOP-32UE97G2" name="com.jakartalabs.assignment3may2021.APITests" tests="3" failures="0" timestamp="25 Jun 2021 15:36:34 GMT" time="9.311" errors="0">
  <testcase name="testRegisterAPI" time="5.984" classname="com.jakartalabs.assignment3may2021.APITests"/>
  <testcase name="verifyProfileAPI" time="1.701" classname="com.jakartalabs.assignment3may2021.APITests"/>
  <testcase name="logoutAPI" time="1.626" classname="com.jakartalabs.assignment3may2021.APITests"/>
</testsuite> <!-- com.jakartalabs.assignment3may2021.APITests -->
