<?xml version="1.0" encoding="UTF-8"?>
<!-- Generated by org.testng.reporters.JUnitReportReporter -->
<testsuite skipped="0" hostname="LAPTOP-32UE97G2" name="com.jakartalabs.assignment3may2021.APITests" tests="3" failures="0" timestamp="25 Jun 2021 14:16:17 GMT" time="9.562" errors="0">
  <testcase name="testRegisterAPI" time="5.398" classname="com.jakartalabs.assignment3may2021.APITests"/>
  <testcase name="verifyProfileAPI" time="1.639" classname="com.jakartalabs.assignment3may2021.APITests"/>
  <testcase name="logoutAPI" time="2.525" classname="com.jakartalabs.assignment3may2021.APITests"/>
</testsuite> <!-- com.jakartalabs.assignment3may2021.APITests -->
